Analysis & Synthesis report for lab7
Fri Apr 15 16:46:56 2016
Quartus II Version 9.1 Build 304 01/25/2010 Service Pack 1 SJ Web Edition


---------------------
; Table of Contents ;
---------------------
  1. Legal Notice
  2. Analysis & Synthesis Summary
  3. Analysis & Synthesis Settings
  4. Parallel Compilation
  5. Analysis & Synthesis Source Files Read
  6. Analysis & Synthesis Resource Usage Summary
  7. Analysis & Synthesis Resource Utilization by Entity
  8. General Register Statistics
  9. Port Connectivity Checks: "div:num3"
 10. Port Connectivity Checks: "half_adder:m1"
 11. Analysis & Synthesis Messages



----------------
; Legal Notice ;
----------------
Copyright (C) 1991-2010 Altera Corporation
Your use of Altera Corporation's design tools, logic functions 
and other software and tools, and its AMPP partner logic 
functions, and any output files from any of the foregoing 
(including device programming or simulation files), and any 
associated documentation or information are expressly subject 
to the terms and conditions of the Altera Program License 
Subscription Agreement, Altera MegaCore Function License 
Agreement, or other applicable license agreement, including, 
without limitation, that your use is for the sole purpose of 
programming logic devices manufactured by Altera and sold by 
Altera or its authorized distributors.  Please refer to the 
applicable agreement for further details.



+-----------------------------------------------------------------------------------+
; Analysis & Synthesis Summary                                                      ;
+------------------------------------+----------------------------------------------+
; Analysis & Synthesis Status        ; Successful - Fri Apr 15 16:46:56 2016        ;
; Quartus II Version                 ; 9.1 Build 304 01/25/2010 SP 1 SJ Web Edition ;
; Revision Name                      ; lab7                                         ;
; Top-level Entity Name              ; lab7                                         ;
; Family                             ; Cyclone III                                  ;
; Total logic elements               ; 27                                           ;
;     Total combinational functions  ; 27                                           ;
;     Dedicated logic registers      ; 0                                            ;
; Total registers                    ; 0                                            ;
; Total pins                         ; 55                                           ;
; Total virtual pins                 ; 0                                            ;
; Total memory bits                  ; 0                                            ;
; Embedded Multiplier 9-bit elements ; 0                                            ;
; Total PLLs                         ; 0                                            ;
+------------------------------------+----------------------------------------------+


+----------------------------------------------------------------------------------------------------------------------+
; Analysis & Synthesis Settings                                                                                        ;
+----------------------------------------------------------------------------+--------------------+--------------------+
; Option                                                                     ; Setting            ; Default Value      ;
+----------------------------------------------------------------------------+--------------------+--------------------+
; Device                                                                     ; EP3C16F484C6       ;                    ;
; Top-level entity name                                                      ; lab7               ; lab7               ;
; Family name                                                                ; Cyclone III        ; Stratix II         ;
; Type of Retiming Performed During Resynthesis                              ; Full               ;                    ;
; Resynthesis Optimization Effort                                            ; Normal             ;                    ;
; Physical Synthesis Level for Resynthesis                                   ; Normal             ;                    ;
; Use Generated Physical Constraints File                                    ; On                 ;                    ;
; Use smart compilation                                                      ; Off                ; Off                ;
; Enable parallel Assembler and TimeQuest Timing Analyzer during compilation ; On                 ; On                 ;
; Enable compact report table                                                ; Off                ; Off                ;
; Restructure Multiplexers                                                   ; Auto               ; Auto               ;
; Create Debugging Nodes for IP Cores                                        ; Off                ; Off                ;
; Preserve fewer node names                                                  ; On                 ; On                 ;
; Disable OpenCore Plus hardware evaluation                                  ; Off                ; Off                ;
; Verilog Version                                                            ; Verilog_2001       ; Verilog_2001       ;
; VHDL Version                                                               ; VHDL_1993          ; VHDL_1993          ;
; State Machine Processing                                                   ; Auto               ; Auto               ;
; Safe State Machine                                                         ; Off                ; Off                ;
; Extract Verilog State Machines                                             ; On                 ; On                 ;
; Extract VHDL State Machines                                                ; On                 ; On                 ;
; Ignore Verilog initial constructs                                          ; Off                ; Off                ;
; Iteration limit for constant Verilog loops                                 ; 5000               ; 5000               ;
; Iteration limit for non-constant Verilog loops                             ; 250                ; 250                ;
; Add Pass-Through Logic to Inferred RAMs                                    ; On                 ; On                 ;
; Parallel Synthesis                                                         ; On                 ; On                 ;
; DSP Block Balancing                                                        ; Auto               ; Auto               ;
; NOT Gate Push-Back                                                         ; On                 ; On                 ;
; Power-Up Don't Care                                                        ; On                 ; On                 ;
; Remove Redundant Logic Cells                                               ; Off                ; Off                ;
; Remove Duplicate Registers                                                 ; On                 ; On                 ;
; Ignore CARRY Buffers                                                       ; Off                ; Off                ;
; Ignore CASCADE Buffers                                                     ; Off                ; Off                ;
; Ignore GLOBAL Buffers                                                      ; Off                ; Off                ;
; Ignore ROW GLOBAL Buffers                                                  ; Off                ; Off                ;
; Ignore LCELL Buffers                                                       ; Off                ; Off                ;
; Ignore SOFT Buffers                                                        ; On                 ; On                 ;
; Limit AHDL Integers to 32 Bits                                             ; Off                ; Off                ;
; Optimization Technique                                                     ; Balanced           ; Balanced           ;
; Carry Chain Length                                                         ; 70                 ; 70                 ;
; Auto Carry Chains                                                          ; On                 ; On                 ;
; Auto Open-Drain Pins                                                       ; On                 ; On                 ;
; Perform WYSIWYG Primitive Resynthesis                                      ; Off                ; Off                ;
; Auto ROM Replacement                                                       ; On                 ; On                 ;
; Auto RAM Replacement                                                       ; On                 ; On                 ;
; Auto DSP Block Replacement                                                 ; On                 ; On                 ;
; Auto Shift Register Replacement                                            ; Auto               ; Auto               ;
; Auto Clock Enable Replacement                                              ; On                 ; On                 ;
; Strict RAM Replacement                                                     ; Off                ; Off                ;
; Allow Synchronous Control Signals                                          ; On                 ; On                 ;
; Force Use of Synchronous Clear Signals                                     ; Off                ; Off                ;
; Auto RAM Block Balancing                                                   ; On                 ; On                 ;
; Auto RAM to Logic Cell Conversion                                          ; Off                ; Off                ;
; Auto Resource Sharing                                                      ; Off                ; Off                ;
; Allow Any RAM Size For Recognition                                         ; Off                ; Off                ;
; Allow Any ROM Size For Recognition                                         ; Off                ; Off                ;
; Allow Any Shift Register Size For Recognition                              ; Off                ; Off                ;
; Use LogicLock Constraints during Resource Balancing                        ; On                 ; On                 ;
; Ignore translate_off and synthesis_off directives                          ; Off                ; Off                ;
; Timing-Driven Synthesis                                                    ; On                 ; On                 ;
; Show Parameter Settings Tables in Synthesis Report                         ; On                 ; On                 ;
; Ignore Maximum Fan-Out Assignments                                         ; Off                ; Off                ;
; Synchronization Register Chain Length                                      ; 2                  ; 2                  ;
; PowerPlay Power Optimization                                               ; Normal compilation ; Normal compilation ;
; HDL message level                                                          ; Level2             ; Level2             ;
; Suppress Register Optimization Related Messages                            ; Off                ; Off                ;
; Number of Removed Registers Reported in Synthesis Report                   ; 5000               ; 5000               ;
; Number of Inverted Registers Reported in Synthesis Report                  ; 100                ; 100                ;
; Clock MUX Protection                                                       ; On                 ; On                 ;
; Auto Gated Clock Conversion                                                ; Off                ; Off                ;
; Block Design Naming                                                        ; Auto               ; Auto               ;
; SDC constraint protection                                                  ; Off                ; Off                ;
; Synthesis Effort                                                           ; Auto               ; Auto               ;
; Shift Register Replacement - Allow Asynchronous Clear Signal               ; On                 ; On                 ;
; Analysis & Synthesis Message Level                                         ; Medium             ; Medium             ;
; Disable Register Merging Across Hierarchies                                ; Auto               ; Auto               ;
; Resource Aware Inference For Block RAM                                     ; On                 ; On                 ;
+----------------------------------------------------------------------------+--------------------+--------------------+


Parallel compilation was disabled, but you have multiple processors available. Enable parallel compilation to reduce compilation time.
+-------------------------------------+
; Parallel Compilation                ;
+----------------------------+--------+
; Processors                 ; Number ;
+----------------------------+--------+
; Number detected on machine ; 4      ;
; Maximum allowed            ; 1      ;
+----------------------------+--------+


+-----------------------------------------------------------------------------------------------------------------+
; Analysis & Synthesis Source Files Read                                                                          ;
+----------------------------------+-----------------+------------------------+-----------------------------------+
; File Name with User-Entered Path ; Used in Netlist ; File Type              ; File Name with Absolute Path      ;
+----------------------------------+-----------------+------------------------+-----------------------------------+
; lab7.v                           ; yes             ; User Verilog HDL File  ; C:/Users/user/Desktop/lab7/lab7.v ;
+----------------------------------+-----------------+------------------------+-----------------------------------+


+----------------------------------------------------------+
; Analysis & Synthesis Resource Usage Summary              ;
+---------------------------------------------+------------+
; Resource                                    ; Usage      ;
+---------------------------------------------+------------+
; Estimated Total logic elements              ; 27         ;
;                                             ;            ;
; Total combinational functions               ; 27         ;
; Logic element usage by number of LUT inputs ;            ;
;     -- 4 input functions                    ; 10         ;
;     -- 3 input functions                    ; 16         ;
;     -- <=2 input functions                  ; 1          ;
;                                             ;            ;
; Logic elements by mode                      ;            ;
;     -- normal mode                          ; 27         ;
;     -- arithmetic mode                      ; 0          ;
;                                             ;            ;
; Total registers                             ; 0          ;
;     -- Dedicated logic registers            ; 0          ;
;     -- I/O registers                        ; 0          ;
;                                             ;            ;
; I/O pins                                    ; 55         ;
; Maximum fan-out node                        ; A[0]~input ;
; Maximum fan-out                             ; 10         ;
; Total fan-out                               ; 174        ;
; Average fan-out                             ; 1.27       ;
+---------------------------------------------+------------+


+-----------------------------------------------------------------------------------------------------------------------------------------------------------------------------+
; Analysis & Synthesis Resource Utilization by Entity                                                                                                                         ;
+----------------------------+-------------------+--------------+-------------+--------------+---------+-----------+------+--------------+---------------------+--------------+
; Compilation Hierarchy Node ; LC Combinationals ; LC Registers ; Memory Bits ; DSP Elements ; DSP 9x9 ; DSP 18x18 ; Pins ; Virtual Pins ; Full Hierarchy Name ; Library Name ;
+----------------------------+-------------------+--------------+-------------+--------------+---------+-----------+------+--------------+---------------------+--------------+
; |lab7                      ; 27 (0)            ; 0 (0)        ; 0           ; 0            ; 0       ; 0         ; 55   ; 0            ; |lab7               ; work         ;
;    |Seg7:num1|             ; 7 (7)             ; 0 (0)        ; 0           ; 0            ; 0       ; 0         ; 0    ; 0            ; |lab7|Seg7:num1     ;              ;
;    |Seg7:num2|             ; 7 (7)             ; 0 (0)        ; 0           ; 0            ; 0       ; 0         ; 0    ; 0            ; |lab7|Seg7:num2     ;              ;
;    |div:num3|              ; 8 (8)             ; 0 (0)        ; 0           ; 0            ; 0       ; 0         ; 0    ; 0            ; |lab7|div:num3      ;              ;
;    |half_adder:m1|         ; 1 (1)             ; 0 (0)        ; 0           ; 0            ; 0       ; 0         ; 0    ; 0            ; |lab7|half_adder:m1 ;              ;
;    |half_adder:m2|         ; 2 (2)             ; 0 (0)        ; 0           ; 0            ; 0       ; 0         ; 0    ; 0            ; |lab7|half_adder:m2 ;              ;
;    |half_adder:m3|         ; 2 (2)             ; 0 (0)        ; 0           ; 0            ; 0       ; 0         ; 0    ; 0            ; |lab7|half_adder:m3 ;              ;
+----------------------------+-------------------+--------------+-------------+--------------+---------+-----------+------+--------------+---------------------+--------------+
Note: For table entries with two numbers listed, the numbers in parentheses indicate the number of resources of the given type used by the specific entity alone. The numbers listed outside of parentheses indicate the total resources of the given type used by the specific entity and all of its sub-entities in the hierarchy.


+------------------------------------------------------+
; General Register Statistics                          ;
+----------------------------------------------+-------+
; Statistic                                    ; Value ;
+----------------------------------------------+-------+
; Total registers                              ; 0     ;
; Number of registers using Synchronous Clear  ; 0     ;
; Number of registers using Synchronous Load   ; 0     ;
; Number of registers using Asynchronous Clear ; 0     ;
; Number of registers using Asynchronous Load  ; 0     ;
; Number of registers using Clock Enable       ; 0     ;
; Number of registers using Preset             ; 0     ;
+----------------------------------------------+-------+


+------------------------------------------------------------------------------------------------------------------------------------------------------------------------------------------------------------+
; Port Connectivity Checks: "div:num3"                                                                                                                                                                       ;
+------+-------+----------+----------------------------------------------------------------------------------------------------------------------------------------------------------------------------------+
; Port ; Type  ; Severity ; Details                                                                                                                                                                          ;
+------+-------+----------+----------------------------------------------------------------------------------------------------------------------------------------------------------------------------------+
; num  ; Input ; Warning  ; Input port expression (6 bits) is wider than the input port (4 bits) it drives.  The 2 most-significant bit(s) in the expression will be dangling if they have no other fanouts. ;
+------+-------+----------+----------------------------------------------------------------------------------------------------------------------------------------------------------------------------------+


+---------------------------------------------------------------------------------------------------------------------------------------------------------------------------------------------------------------+
; Port Connectivity Checks: "half_adder:m1"                                                                                                                                                                     ;
+-------+-------+----------+------------------------------------------------------------------------------------------------------------------------------------------------------------------------------------+
; Port  ; Type  ; Severity ; Details                                                                                                                                                                            ;
+-------+-------+----------+------------------------------------------------------------------------------------------------------------------------------------------------------------------------------------+
; c     ; Input ; Warning  ; Input port expression (32 bits) is wider than the input port (1 bits) it drives.  The 31 most-significant bit(s) in the expression will be dangling if they have no other fanouts. ;
; c[-1] ; Input ; Info     ; Stuck at GND                                                                                                                                                                       ;
+-------+-------+----------+------------------------------------------------------------------------------------------------------------------------------------------------------------------------------------+


+-------------------------------+
; Analysis & Synthesis Messages ;
+-------------------------------+
Info: *******************************************************************
Info: Running Quartus II Analysis & Synthesis
    Info: Version 9.1 Build 304 01/25/2010 Service Pack 1 SJ Web Edition
    Info: Processing started: Fri Apr 15 16:46:56 2016
Info: Command: quartus_map --read_settings_files=on --write_settings_files=off lab7 -c lab7
Info: Found 4 design units, including 4 entities, in source file lab7.v
    Info: Found entity 1: lab7
    Info: Found entity 2: half_adder
    Info: Found entity 3: Seg7
    Info: Found entity 4: div
Info: Elaborating entity "lab7" for the top level hierarchy
Warning (10034): Output port "LED" at lab7.v(2) has no driver
Info: Elaborating entity "Seg7" for hierarchy "Seg7:num1"
Info: Elaborating entity "half_adder" for hierarchy "half_adder:m1"
Info: Elaborating entity "div" for hierarchy "div:num3"
Warning (10270): Verilog HDL Case Statement warning at lab7.v(68): incomplete case statement has no default case item
Warning (10240): Verilog HDL Always Construct warning at lab7.v(67): inferring latch(es) for variable "nseg1", which holds its previous value in one or more paths through the always construct
Warning (10240): Verilog HDL Always Construct warning at lab7.v(67): inferring latch(es) for variable "nseg2", which holds its previous value in one or more paths through the always construct
Info (10041): Inferred latch for "nseg2[0]" at lab7.v(67)
Info (10041): Inferred latch for "nseg2[1]" at lab7.v(67)
Info (10041): Inferred latch for "nseg2[2]" at lab7.v(67)
Info (10041): Inferred latch for "nseg2[3]" at lab7.v(67)
Info (10041): Inferred latch for "nseg2[4]" at lab7.v(67)
Info (10041): Inferred latch for "nseg2[5]" at lab7.v(67)
Info (10041): Inferred latch for "nseg2[6]" at lab7.v(67)
Info (10041): Inferred latch for "nseg2[7]" at lab7.v(67)
Info (10041): Inferred latch for "nseg1[0]" at lab7.v(67)
Info (10041): Inferred latch for "nseg1[1]" at lab7.v(67)
Info (10041): Inferred latch for "nseg1[2]" at lab7.v(67)
Info (10041): Inferred latch for "nseg1[3]" at lab7.v(67)
Info (10041): Inferred latch for "nseg1[4]" at lab7.v(67)
Info (10041): Inferred latch for "nseg1[5]" at lab7.v(67)
Info (10041): Inferred latch for "nseg1[6]" at lab7.v(67)
Info (10041): Inferred latch for "nseg1[7]" at lab7.v(67)
Warning: LATCH primitive "div:num3|nseg1[2]" is permanently enabled
Warning: LATCH primitive "div:num3|nseg1[3]" is permanently enabled
Warning: LATCH primitive "div:num3|nseg1[4]" is permanently enabled
Warning: LATCH primitive "div:num3|nseg1[7]" is permanently enabled
Warning: LATCH primitive "div:num3|nseg2[1]" is permanently enabled
Warning: LATCH primitive "div:num3|nseg2[2]" is permanently enabled
Warning: LATCH primitive "div:num3|nseg2[3]" is permanently enabled
Warning: LATCH primitive "div:num3|nseg2[4]" is permanently enabled
Warning: LATCH primitive "div:num3|nseg2[5]" is permanently enabled
Warning: LATCH primitive "div:num3|nseg2[6]" is permanently enabled
Warning: LATCH primitive "div:num3|nseg2[7]" is permanently enabled
Warning: 2 hierarchies have connectivity warnings - see the Connectivity Checks report folder
Warning: Output pins are stuck at VCC or GND
    Warning (13410): Pin "seg1[7]" is stuck at VCC
    Warning (13410): Pin "seg2[7]" is stuck at VCC
    Warning (13410): Pin "seg3[7]" is stuck at VCC
    Warning (13410): Pin "seg3[6]" is stuck at VCC
    Warning (13410): Pin "seg3[2]" is stuck at GND
    Warning (13410): Pin "seg3[1]" is stuck at GND
    Warning (13410): Pin "seg4[7]" is stuck at VCC
    Warning (13410): Pin "S[4]" is stuck at GND
    Warning (13410): Pin "S[5]" is stuck at GND
    Warning (13410): Pin "LED[0]" is stuck at GND
    Warning (13410): Pin "LED[1]" is stuck at GND
    Warning (13410): Pin "LED[2]" is stuck at GND
    Warning (13410): Pin "LED[3]" is stuck at GND
    Warning (13410): Pin "LED[4]" is stuck at GND
    Warning (13410): Pin "LED[5]" is stuck at GND
    Warning (13410): Pin "LED[6]" is stuck at GND
    Warning (13410): Pin "LED[7]" is stuck at GND
    Warning (13410): Pin "LED[8]" is stuck at GND
    Warning (13410): Pin "LED[9]" is stuck at GND
    Warning (13410): Pin "LED[10]" is stuck at GND
Info: Timing-Driven Synthesis is running
Info: Implemented 82 device resources after synthesis - the final resource count might be different
    Info: Implemented 6 input pins
    Info: Implemented 49 output pins
    Info: Implemented 27 logic cells
Info: Quartus II Analysis & Synthesis was successful. 0 errors, 37 warnings
    Info: Peak virtual memory: 203 megabytes
    Info: Processing ended: Fri Apr 15 16:46:56 2016
    Info: Elapsed time: 00:00:00
    Info: Total CPU time (on all processors): 00:00:01


